#
# A fatal error has been detected by the Java Runtime Environment:
#
#  EXCEPTION_ACCESS_VIOLATION (0xc0000005) at pc=0x00007ffec3d6293e, pid=16268, tid=8316
#
# JRE version:  (17.0.7+8) (build )
# Java VM: Java HotSpot(TM) 64-Bit Server VM (17.0.7+8-LTS-224, mixed mode, sharing, tiered, compressed oops, compressed class ptrs, g1 gc, windows-amd64)
# Problematic frame:
# V  [jvm.dll+0x2c293e]
#
# No core dump will be written. Minidumps are not enabled by default on client versions of Windows
#
#

---------------  S U M M A R Y ------------

Command Line: -Xmx16m org.eclipse.jdt.internal.launching.support.LibraryDetector

Host: Intel(R) Core(TM) i5-6300U CPU @ 2.40GHz, 4 cores, 7G,  Windows 10 , 64 bit Build 19041 (10.0.19041.3636)
Time: Thu Mar 21 16:22:36 2024 Hora oficial do Brasil elapsed time: 0.028381 seconds (0d 0h 0m 0s)

---------------  T H R E A D  ---------------

Current thread (0x000001877f951230):  JavaThread "Unknown thread" [_thread_in_vm, id=8316, stack(0x0000003589300000,0x0000003589400000)]

Stack: [0x0000003589300000,0x0000003589400000],  sp=0x00000035893ff340,  free space=1020k
Native frames: (J=compiled Java code, j=interpreted, Vv=VM code, C=native code)
V  [jvm.dll+0x2c293e]
V  [jvm.dll+0x2c2da5]
V  [jvm.dll+0x622d16]
V  [jvm.dll+0x622f41]
V  [jvm.dll+0x6223fb]
V  [jvm.dll+0x61e188]
V  [jvm.dll+0x7a8fe5]
V  [jvm.dll+0x3670e1]
V  [jvm.dll+0x788359]
V  [jvm.dll+0x3ea5ef]
V  [jvm.dll+0x3ec071]
C  [jli.dll+0x5297]
C  [ucrtbase.dll+0x21bb2]
C  [KERNEL32.DLL+0x17344]
C  [ntdll.dll+0x526b1]


siginfo: EXCEPTION_ACCESS_VIOLATION (0xc0000005), reading address 0x0000000000000000


Registers:
RAX=0x0000ec1b05af5e1b, RBX=0x0000000000000000, RCX=0x0000000000000000, RDX=0x00007ffec4393b01
RSP=0x00000035893ff340, RBP=0x0000000000000001, RSI=0x00000008008ee578, RDI=0x0000000000000000
R8 =0x0000000000000001, R9 =0x0000000000000001, R10=0x000001877f99c9a0, R11=0x0000000000000246
R12=0x0000000000000001, R13=0x000001877e0a4120, R14=0x0000000000000001, R15=0x0000000800000000
RIP=0x00007ffec3d6293e, EFLAGS=0x0000000000010246

Top of Stack: (sp=0x00000035893ff340)
0x00000035893ff340:   0000000000c00000 00007fff4afbbf1e
0x00000035893ff350:   0000000000780000 00007ffec40c1c00
0x00000035893ff360:   0000000800c00000 000000000000000c
0x00000035893ff370:   0000000000000000 00000035893ff490
0x00000035893ff380:   0000ec1b05af5f9b 000001877f98bdf0
0x00000035893ff390:   0000ec1b05af5e1b 000001877f98bdf0
0x00000035893ff3a0:   0000000000000000 00007ffec3d62da5
0x00000035893ff3b0:   0000000000000048 0000000000000000
0x00000035893ff3c0:   000001877f98bdf0 0000000000000000
0x00000035893ff3d0:   00000008008ee570 0000000800000001
0x00000035893ff3e0:   0000000000000000 0000000000000000
0x00000035893ff3f0:   0000000000000000 0000000000000000
0x00000035893ff400:   0000000000000000 ffffffff00000000
0x00000035893ff410:   0000000000c10000 00007fff4b5b4d29
0x00000035893ff420:   0000ec1b05af5eeb 0000000000000000
0x00000035893ff430:   000001877e0a4120 0000000000000000 

Instructions: (pc=0x00007ffec3d6293e)
0x00007ffec3d6283e:   8e f3 62 00 e8 b9 2a f8 ff 48 8b 0d 12 25 83 00
0x00007ffec3d6284e:   48 85 c9 74 22 44 0f b6 83 41 02 00 00 48 8d 0d
0x00007ffec3d6285e:   4e 22 63 00 0f b6 93 40 02 00 00 e8 42 3a de ff
0x00007ffec3d6286e:   48 8b 0d eb 24 83 00 0f b6 05 76 34 84 00 38 83
0x00007ffec3d6287e:   40 02 00 00 75 60 0f b6 05 68 34 84 00 38 83 41
0x00007ffec3d6288e:   02 00 00 75 51 80 bb a1 03 00 00 00 75 1f c6 05
0x00007ffec3d6289e:   cd f1 7e 00 00 48 85 c9 74 13 48 8d 0d 01 23 63
0x00007ffec3d628ae:   00 e8 fc 39 de ff 48 8b 0d a5 24 83 00 80 bb a2
0x00007ffec3d628be:   03 00 00 00 75 18 c6 05 a6 f1 7e 00 00 48 85 c9
0x00007ffec3d628ce:   74 0c 48 8d 0d 49 23 63 00 e8 d4 39 de ff b0 01
0x00007ffec3d628de:   48 83 c4 20 5b c3 48 8d 0d 25 22 63 00 e8 70 d3
0x00007ffec3d628ee:   ff ff 32 c0 48 83 c4 20 5b c3 cc cc cc cc cc cc
0x00007ffec3d628fe:   cc cc 48 89 5c 24 10 48 89 6c 24 18 48 89 74 24
0x00007ffec3d6290e:   20 57 48 83 ec 60 48 8b 05 e5 b7 80 00 48 33 c4
0x00007ffec3d6291e:   48 89 44 24 50 80 3d 30 d3 7d 00 00 0f b6 ea 48
0x00007ffec3d6292e:   8b f1 74 17 80 39 00 75 12 48 8b 0d 5a 88 83 00
0x00007ffec3d6293e:   48 8b 01 ff 50 20 48 8b d8 eb 08 48 8b 59 18 48
0x00007ffec3d6294e:   83 c3 04 48 83 3d 47 89 83 00 00 40 b7 01 74 0f
0x00007ffec3d6295e:   48 8b d3 48 8d 0d c8 0d 63 00 e8 93 bf f2 ff 48
0x00007ffec3d6296e:   8d 54 24 20 48 8b cb e8 66 2c 3b 00 85 c0 74 19
0x00007ffec3d6297e:   40 84 ed 74 14 48 8b d3 48 8d 0d cb 0d 63 00 e8
0x00007ffec3d6298e:   ce d2 ff ff 40 32 ff eb 7a 80 3e 03 75 20 48 8b
0x00007ffec3d6299e:   cb e8 dc d0 3a 00 84 c0 75 69 48 8b d3 48 8d 0d
0x00007ffec3d629ae:   d6 0d 63 00 e8 a9 d2 ff ff 40 32 ff eb 55 48 8b
0x00007ffec3d629be:   56 08 4c 8b 44 24 40 48 85 d2 74 05 49 3b d0 75
0x00007ffec3d629ce:   0b 48 63 44 24 34 48 39 46 10 74 37 40 32 ff 40
0x00007ffec3d629de:   38 3d de 34 84 00 74 1c 49 3b d0 48 8d 05 b8 0d
0x00007ffec3d629ee:   63 00 48 8d 0d c9 0d 63 00 48 0f 45 c8 e8 60 d2
0x00007ffec3d629fe:   ff ff eb 0f 48 8b d3 48 8d 0d d4 0d 63 00 e8 4f
0x00007ffec3d62a0e:   d2 ff ff 80 3d aa 34 84 00 00 74 10 40 84 ff 75
0x00007ffec3d62a1e:   0b c6 05 6b 7e 85 00 01 b0 01 eb 04 40 0f b6 c7
0x00007ffec3d62a2e:   48 8b 4c 24 50 48 33 cc e8 d5 13 57 00 4c 8d 5c 



---------------  P R O C E S S  ---------------

Threads class SMR info:
_java_thread_list=0x00007ffec4554998, length=0, elements={
}

Java Threads: ( => current thread )

Other Threads:
  0x000001877f971720 GCTaskThread "GC Thread#0" [stack: 0x0000003589400000,0x0000003589500000] [id=18680]
  0x000001877f972630 ConcurrentGCThread "G1 Main Marker" [stack: 0x0000003589500000,0x0000003589600000] [id=11632]
  0x000001877f973040 ConcurrentGCThread "G1 Conc#0" [stack: 0x0000003589600000,0x0000003589700000] [id=20388]
  0x000001877f990a40 ConcurrentGCThread "G1 Refine#0" [stack: 0x0000003589700000,0x0000003589800000] [id=18500]
  0x000001877f991460 ConcurrentGCThread "G1 Service" [stack: 0x0000003589800000,0x0000003589900000] [id=8260]

=>0x000001877f951230 (exited) JavaThread "Unknown thread" [_thread_in_vm, id=8316, stack(0x0000003589300000,0x0000003589400000)]

Threads with active compile tasks:

VM state: not at safepoint (not fully initialized)

VM Mutex/Monitor currently owned by a thread: None

Heap address: 0x00000000ff000000, size: 16 MB, Compressed Oops mode: 32-bit

CDS archive(s) mapped at: [0x0000000000000000-0x0000000000000000-0x0000000000000000), size 0, SharedBaseAddress: 0x0000000800000000, ArchiveRelocationMode: 0.
Narrow klass base: 0x0000000000000000, Narrow klass shift: 0, Narrow klass range: 0x0

GC Precious Log:
 CPUs: 4 total, 4 available
 Memory: 8072M
 Large Page Support: Disabled
 NUMA Support: Disabled
 Compressed Oops: Enabled (32-bit)
 Heap Region Size: 1M
 Heap Min Capacity: 8M
 Heap Initial Capacity: 16M
 Heap Max Capacity: 16M
 Pre-touch: Disabled
 Parallel Workers: 4
 Concurrent Workers: 1
 Concurrent Refinement Workers: 4
 Periodic GC: Disabled

Heap:
 garbage-first heap   total 16384K, used 0K [0x00000000ff000000, 0x0000000100000000)
  region size 1024K, 0 young (0K), 0 survivors (0K)

[error occurred during error reporting (printing heap information), id 0xc0000005, EXCEPTION_ACCESS_VIOLATION (0xc0000005) at pc=0x00007ffec41700b9]

GC Heap History (0 events):
No events

Deoptimization events (0 events):
No events

Classes unloaded (0 events):
No events

Classes redefined (0 events):
No events

Internal exceptions (0 events):
No events

VM Operations (0 events):
No events

Events (2 events):
Event: 0.010 Loaded shared library C:\Program Files\Java\jdk-17\bin\java.dll
Event: 0.011 Loaded shared library C:\Program Files\Java\jdk-17\bin\zip.dll


Dynamic libraries:
0x00007ff797000000 - 0x00007ff797010000 	C:\Program Files\Java\jdk-17\bin\javaw.exe
0x00007fff4d790000 - 0x00007fff4d988000 	C:\Windows\SYSTEM32\ntdll.dll
0x00007fff4ce40000 - 0x00007fff4cefd000 	C:\Windows\System32\KERNEL32.DLL
0x00007fff4af50000 - 0x00007fff4b246000 	C:\Windows\System32\KERNELBASE.dll
0x00007fff4b510000 - 0x00007fff4b610000 	C:\Windows\System32\ucrtbase.dll
0x00007fff12100000 - 0x00007fff12119000 	C:\Program Files\Java\jdk-17\bin\jli.dll
0x00007fff4b930000 - 0x00007fff4b9e0000 	C:\Windows\System32\ADVAPI32.dll
0x00007fff4c1e0000 - 0x00007fff4c27e000 	C:\Windows\System32\msvcrt.dll
0x00007fff4b7d0000 - 0x00007fff4b870000 	C:\Windows\System32\sechost.dll
0x00007fff4d470000 - 0x00007fff4d595000 	C:\Windows\System32\RPCRT4.dll
0x00007fff4ae40000 - 0x00007fff4ae67000 	C:\Windows\System32\bcrypt.dll
0x00007fff4cf00000 - 0x00007fff4d09e000 	C:\Windows\System32\USER32.dll
0x00007fff4ae70000 - 0x00007fff4ae92000 	C:\Windows\System32\win32u.dll
0x00007fff4c1b0000 - 0x00007fff4c1db000 	C:\Windows\System32\GDI32.dll
0x00007fff4b6a0000 - 0x00007fff4b7b7000 	C:\Windows\System32\gdi32full.dll
0x00007fff4b470000 - 0x00007fff4b50d000 	C:\Windows\System32\msvcp_win.dll
0x00007fff10de0000 - 0x00007fff10dfb000 	C:\Program Files\Java\jdk-17\bin\VCRUNTIME140.dll
0x00007fff32600000 - 0x00007fff3289a000 	C:\Windows\WinSxS\amd64_microsoft.windows.common-controls_6595b64144ccf1df_6.0.19041.3636_none_60b6a03d71f818d5\COMCTL32.dll
0x00007fff402d0000 - 0x00007fff402da000 	C:\Windows\SYSTEM32\VERSION.dll
0x00007fff4ce00000 - 0x00007fff4ce32000 	C:\Windows\System32\IMM32.DLL
0x00007fff3f5d0000 - 0x00007fff3f5dc000 	C:\Program Files\Java\jdk-17\bin\vcruntime140_1.dll
0x00007fff077c0000 - 0x00007fff0784e000 	C:\Program Files\Java\jdk-17\bin\msvcp140.dll
0x00007ffec3aa0000 - 0x00007ffec467d000 	C:\Program Files\Java\jdk-17\bin\server\jvm.dll
0x00007fff4bb80000 - 0x00007fff4bb88000 	C:\Windows\System32\PSAPI.DLL
0x00007fff246b0000 - 0x00007fff246b9000 	C:\Windows\SYSTEM32\WSOCK32.dll
0x00007fff4d0a0000 - 0x00007fff4d10b000 	C:\Windows\System32\WS2_32.dll
0x00007fff35960000 - 0x00007fff35987000 	C:\Windows\SYSTEM32\WINMM.dll
0x00007fff49640000 - 0x00007fff49652000 	C:\Windows\SYSTEM32\kernel.appcore.dll
0x00007fff2ca60000 - 0x00007fff2ca6a000 	C:\Program Files\Java\jdk-17\bin\jimage.dll
0x00007fff43010000 - 0x00007fff431f4000 	C:\Windows\SYSTEM32\DBGHELP.DLL
0x00007fff34af0000 - 0x00007fff34b24000 	C:\Windows\SYSTEM32\dbgcore.DLL
0x00007fff4b610000 - 0x00007fff4b692000 	C:\Windows\System32\bcryptPrimitives.dll
0x00007fff07790000 - 0x00007fff077b5000 	C:\Program Files\Java\jdk-17\bin\java.dll
0x00007fff07770000 - 0x00007fff07788000 	C:\Program Files\Java\jdk-17\bin\zip.dll

dbghelp: loaded successfully - version: 4.0.5 - missing functions: none
symbol engine: initialized successfully - sym options: 0x614 - pdb path: .;C:\Program Files\Java\jdk-17\bin;C:\Windows\SYSTEM32;C:\Windows\WinSxS\amd64_microsoft.windows.common-controls_6595b64144ccf1df_6.0.19041.3636_none_60b6a03d71f818d5;C:\Program Files\Java\jdk-17\bin\server

VM Arguments:
jvm_args: -Xmx16m 
java_command: org.eclipse.jdt.internal.launching.support.LibraryDetector
java_class_path (initial): C:\Users\user\AppData\Roaming\Code\User\globalStorage\redhat.java\1.28.1\config_win\org.eclipse.osgi\55\0\.cp\lib\launchingsupport.jar
Launcher Type: SUN_STANDARD

[Global flags]
     intx CICompilerCount                          = 3                                         {product} {ergonomic}
     uint ConcGCThreads                            = 1                                         {product} {ergonomic}
     uint G1ConcRefinementThreads                  = 4                                         {product} {ergonomic}
   size_t G1HeapRegionSize                         = 1048576                                   {product} {ergonomic}
    uintx GCDrainStackTargetSize                   = 64                                        {product} {ergonomic}
   size_t InitialHeapSize                          = 16777216                                  {product} {ergonomic}
   size_t MarkStackSize                            = 4194304                                   {product} {ergonomic}
   size_t MaxHeapSize                              = 16777216                                  {product} {command line}
   size_t MaxNewSize                               = 9437184                                   {product} {ergonomic}
   size_t MinHeapDeltaBytes                        = 1048576                                   {product} {ergonomic}
   size_t MinHeapSize                              = 8388608                                   {product} {ergonomic}
    uintx NonNMethodCodeHeapSize                   = 5832780                                {pd product} {ergonomic}
    uintx NonProfiledCodeHeapSize                  = 122912730                              {pd product} {ergonomic}
    uintx ProfiledCodeHeapSize                     = 122912730                              {pd product} {ergonomic}
    uintx ReservedCodeCacheSize                    = 251658240                              {pd product} {ergonomic}
     bool SegmentedCodeCache                       = true                                      {product} {ergonomic}
   size_t SoftMaxHeapSize                          = 16777216                               {manageable} {ergonomic}
     bool UseCompressedClassPointers               = true                           {product lp64_product} {ergonomic}
     bool UseCompressedOops                        = true                           {product lp64_product} {ergonomic}
     bool UseG1GC                                  = true                                      {product} {ergonomic}
     bool UseLargePagesIndividualAllocation        = false                                  {pd product} {ergonomic}

Logging:
Log output configuration:
 #0: stdout all=warning uptime,level,tags
 #1: stderr all=off uptime,level,tags

Environment Variables:
PATH=C:\Program Files\Common Files\Oracle\Java\javapath;C:\Windows\system32;C:\Windows;C:\Windows\System32\Wbem;C:\Windows\System32\WindowsPowerShell\v1.0\;C:\Windows\System32\OpenSSH\;C:\Program Files\dotnet\;C:\xampp\php;C:\ProgramData\ComposerSetup\bin;C:\Program Files (x86)\Vagrant\bin;C:\Program Files\nodejs\;C:\Program Files\Git\cmd;C:\Users\user\AppData\Local\Microsoft\WindowsApps;C:\Users\user\AppData\Local\Programs\Microsoft VS Code\bin;C:\Users\user\AppData\Roaming\Composer\vendor\bin;C:\Users\user\AppData\Roaming\npm
USERNAME=user
OS=Windows_NT
PROCESSOR_IDENTIFIER=Intel64 Family 6 Model 78 Stepping 3, GenuineIntel



---------------  S Y S T E M  ---------------

OS:
 Windows 10 , 64 bit Build 19041 (10.0.19041.3636)
OS uptime: 1 days 5:58 hours
Hyper-V role detected

CPU: total 4 (initial active 4) (2 cores per cpu, 2 threads per core) family 6 model 78 stepping 3 microcode 0xcc, cx8, cmov, fxsr, ht, mmx, 3dnowpref, sse, sse2, sse3, ssse3, sse4.1, sse4.2, popcnt, lzcnt, tsc, tscinvbit, avx, avx2, aes, erms, clmul, bmi1, bmi2, rtm, adx, fma, vzeroupper, clflush, clflushopt, hv

Memory: 4k page, system-wide physical 8072M (844M free)
TotalPageFile size 14472M (AvailPageFile size 3944M)
current process WorkingSet (physical memory assigned to process): 10M, peak: 10M
current process commit charge ("private bytes"): 79M, peak: 79M

vm_info: Java HotSpot(TM) 64-Bit Server VM (17.0.7+8-LTS-224) for windows-amd64 JRE (17.0.7+8-LTS-224), built on Feb 28 2023 23:03:02 by "mach5one" with MS VC++ 17.1 (VS2022)

END.
